语音说话: 19, 客户端ID: 16120930b59703491ecae8880db1945a, info: {"status":"Play Audio FrameId","success":true,"data":{"FrameId":74},"clientId":"16120930b59703491ecae8880db1945a"}      
[info] Received packet from ClientID: 16120930b59703491ecae8880db1945a, size: 177, data: {
        "callbackId": 29,
        "code": 202,
        "status": "Play Audio FrameId",
        "success": true,
        "data":
        {
                "FrameId": 75
        },
        "clientId": "16120930b59703491ecae8880db1945a"
}
语音说话: 19, 客户端ID: 16120930b59703491ecae8880db1945a, info: {"status":"Play Audio FrameId","success":true,"data":{"FrameId":75},"clientId":"16120930b59703491ecae8880db1945a"}      
[info] Received packet from ClientID: 16120930b59703491ecae8880db1945a, size: 177, data: {
        "callbackId": 29,
        "code": 202,
        "status": "Play Audio FrameId",
        "success": true,
        "data":
        {
                "FrameId": 76
        },
        "clientId": "16120930b59703491ecae8880db1945a"
}
语音说话: 19, 客户端ID: 16120930b59703491ecae8880db1945a, info: {"status":"Play Audio FrameId","success":true,"data":{"FrameId":76},"clientId":"16120930b59703491ecae8880db1945a"}      
[info] Received packet from ClientID: 16120930b59703491ecae8880db1945a, size: 177, data: {
        "callbackId": 29,
        "code": 202,
        "status": "Play Audio FrameId",
        "success": true,
        "data":
        {
                "FrameId": 77
        },
        "clientId": "16120930b59703491ecae8880db1945a"
}
语音说话: 19, 客户端ID: 16120930b59703491ecae8880db1945a, info: {"status":"Play Audio FrameId","success":true,"data":{"FrameId":77},"clientId":"16120930b59703491ecae8880db1945a"}      
[info] Received packet from ClientID: 16120930b59703491ecae8880db1945a, size: 177, data: {
        "callbackId": 29,
        "code": 202,
        "status": "Play Audio FrameId",
        "success": true,
        "data":
        {
                "FrameId": 78
        },
        "clientId": "16120930b59703491ecae8880db1945a"
}
语音说话: 19, 客户端ID: 16120930b59703491ecae8880db1945a, info: {"status":"Play Audio FrameId","success":true,"data":{"FrameId":78},"clientId":"16120930b59703491ecae8880db1945a"}      
[info] Received packet from ClientID: 16120930b59703491ecae8880db1945a, size: 177, data: {
        "callbackId": 29,
        "code": 202,
        "status": "Play Audio FrameId",
        "success": true,
        "data":
        {
                "FrameId": 79
        },
        "clientId": "16120930b59703491ecae8880db1945a"
}
语音说话: 19, 客户端ID: 16120930b59703491ecae8880db1945a, info: {"status":"Play Audio FrameId","success":true,"data":{"FrameId":79},"clientId":"16120930b59703491ecae8880db1945a"}      
[info] Received packet from ClientID: 16120930b59703491ecae8880db1945a, size: 177, data: {
        "callbackId": 29,
        "code": 202,
        "status": "Play Audio FrameId",
        "success": true,
        "data":
        {
                "FrameId": 80
        },
        "clientId": "16120930b59703491ecae8880db1945a"
}
语音说话: 19, 客户端ID: 16120930b59703491ecae8880db1945a, info: {"status":"Play Audio FrameId","success":true,"data":{"FrameId":80},"clientId":"16120930b59703491ecae8880db1945a"}      
FrameID====send: 0
FrameID====send: 1
FrameID====send: 2
FrameID====send: 3
FrameID====send: 4
FrameID====send: 5
FrameID====send: 6
FrameID====send: 7
FrameID====send: 8
FrameID====send: 9
FrameID====send: 10
FrameID====send: 11
发送最后一帧
FrameID====send: -1
[info] Received packet from ClientID: 16120930b59703491ecae8880db1945a, size: 177, data: {
        "callbackId": 30,
        "code": 202,
        "status": "Play Audio FrameId",
        "success": true,
        "data":
        {
                "FrameId": 81
        },
        "clientId": "16120930b59703491ecae8880db1945a"
}
语音说话: 19, 客户端ID: 16120930b59703491ecae8880db1945a, info: {"status":"Play Audio FrameId","success":true,"data":{"FrameId":81},"clientId":"16120930b59703491ecae8880db1945a"}      
[info] Received packet from ClientID: 16120930b59703491ecae8880db1945a, size: 177, data: {
        "callbackId": 30,
        "code": 202,
        "status": "Play Audio FrameId",
        "success": true,
        "data":
        {
                "FrameId": 82
        },
        "clientId": "16120930b59703491ecae8880db1945a"
}
语音说话: 19, 客户端ID: 16120930b59703491ecae8880db1945a, info: {"status":"Play Audio FrameId","success":true,"data":{"FrameId":82},"clientId":"16120930b59703491ecae8880db1945a"}      
[info] Received packet from ClientID: 16120930b59703491ecae8880db1945a, size: 177, data: {
        "callbackId": 30,
        "code": 202,
        "status": "Play Audio FrameId",
        "success": true,
        "data":
        {
                "FrameId": 83
        },
        "clientId": "16120930b59703491ecae8880db1945a"
}
语音说话: 19, 客户端ID: 16120930b59703491ecae8880db1945a, info: {"status":"Play Audio FrameId","success":true,"data":{"FrameId":83},"clientId":"16120930b59703491ecae8880db1945a"}      
[info] Received packet from ClientID: 16120930b59703491ecae8880db1945a, size: 177, data: {
        "callbackId": 31,
        "code": 202,
        "status": "Play Audio FrameId",
        "success": true,
        "data":
        {
                "FrameId": 84
        },
        "clientId": "16120930b59703491ecae8880db1945a"
}
语音说话: 19, 客户端ID: 16120930b59703491ecae8880db1945a, info: {"status":"Play Audio FrameId","success":true,"data":{"FrameId":84},"clientId":"16120930b59703491ecae8880db1945a"}      
[info] Received packet from ClientID: 16120930b59703491ecae8880db1945a, size: 177, data: {
        "callbackId": 31,
        "code": 202,
        "status": "Play Audio FrameId",
        "success": true,
        "data":
        {
                "FrameId": 85
        },
        "clientId": "16120930b59703491ecae8880db1945a"
}
语音说话: 19, 客户端ID: 16120930b59703491ecae8880db1945a, info: {"status":"Play Audio FrameId","success":true,"data":{"FrameId":85},"clientId":"16120930b59703491ecae8880db1945a"}      
[info] Received packet from ClientID: 16120930b59703491ecae8880db1945a, size: 177, data: {
        "callbackId": 31,
        "code": 202,
        "status": "Play Audio FrameId",
        "success": true,
        "data":
        {
                "FrameId": 86
        },
        "clientId": "16120930b59703491ecae8880db1945a"
}
语音说话: 19, 客户端ID: 16120930b59703491ecae8880db1945a, info: {"status":"Play Audio FrameId","success":true,"data":{"FrameId":86},"clientId":"16120930b59703491ecae8880db1945a"}      
[info] Received packet from ClientID: 16120930b59703491ecae8880db1945a, size: 177, data: {
        "callbackId": 32,
        "code": 202,
        "status": "Play Audio FrameId",
        "success": true,
        "data":
        {
                "FrameId": 87
        },
        "clientId": "16120930b59703491ecae8880db1945a"
}
语音说话: 19, 客户端ID: 16120930b59703491ecae8880db1945a, info: {"status":"Play Audio FrameId","success":true,"data":{"FrameId":87},"clientId":"16120930b59703491ecae8880db1945a"}      
[info] Received packet from ClientID: 16120930b59703491ecae8880db1945a, size: 177, data: {
        "callbackId": 32,
        "code": 202,
        "status": "Play Audio FrameId",
        "success": true,
        "data":
        {
                "FrameId": 88
        },
        "clientId": "16120930b59703491ecae8880db1945a"
}
语音说话: 19, 客户端ID: 16120930b59703491ecae8880db1945a, info: {"status":"Play Audio FrameId","success":true,"data":{"FrameId":88},"clientId":"16120930b59703491ecae8880db1945a"}      
[info] Received packet from ClientID: 16120930b59703491ecae8880db1945a, size: 177, data: {
        "callbackId": 32,
        "code": 202,
        "status": "Play Audio FrameId",
        "success": true,
        "data":
        {
                "FrameId": -1
        },
        "clientId": "16120930b59703491ecae8880db1945a"
}
语音说话: 20, 客户端ID: 16120930b59703491ecae8880db1945a, info: {"status":"Play Audio FrameId","success":true,"data":{"FrameId":-1},"clientId":"16120930b59703491ecae8880db1945a"}      
[info] Received packet from ClientID: 16120930b59703491ecae8880db1945a, size: 177, data: {
        "callbackId": 33,
        "code": 202,
        "status": "Play Audio FrameId",
        "success": true,
        "data":
        {
                "FrameId": 17
        },
        "clientId": "16120930b59703491ecae8880db1945a"
}
语音说话: 19, 客户端ID: 16120930b59703491ecae8880db1945a, info: {"status":"Play Audio FrameId","success":true,"data":{"FrameId":17},"clientId":"16120930b59703491ecae8880db1945a"}      
[info] Received packet from ClientID: 16120930b59703491ecae8880db1945a, size: 177, data: {
        "callbackId": 33,
        "code": 202,
        "status": "Play Audio FrameId",
        "success": true,
        "data":
        {
                "FrameId": 18
        },
        "clientId": "16120930b59703491ecae8880db1945a"
}
语音说话: 19, 客户端ID: 16120930b59703491ecae8880db1945a, info: {"status":"Play Audio FrameId","success":true,"data":{"FrameId":18},"clientId":"16120930b59703491ecae8880db1945a"}      
[info] Received packet from ClientID: 16120930b59703491ecae8880db1945a, size: 177, data: {
        "callbackId": 33,
        "code": 202,
        "status": "Play Audio FrameId",
        "success": true,
        "data":
        {
                "FrameId": 19
        },
        "clientId": "16120930b59703491ecae8880db1945a"
}
语音说话: 19, 客户端ID: 16120930b59703491ecae8880db1945a, info: {"status":"Play Audio FrameId","success":true,"data":{"FrameId":19},"clientId":"16120930b59703491ecae8880db1945a"}      
[info] Received packet from ClientID: 16120930b59703491ecae8880db1945a, size: 177, data: {
        "callbackId": 33,
        "code": 202,
        "status": "Play Audio FrameId",
        "success": true,
        "data":
        {
                "FrameId": 20
        },
        "clientId": "16120930b59703491ecae8880db1945a"
}
语音说话: 19, 客户端ID: 16120930b59703491ecae8880db1945a, info: {"status":"Play Audio FrameId","success":true,"data":{"FrameId":20},"clientId":"16120930b59703491ecae8880db1945a"}      
[info] Received packet from ClientID: 16120930b59703491ecae8880db1945a, size: 177, data: {
        "callbackId": 34,
        "code": 202,
        "status": "Play Audio FrameId",
        "success": true,
        "data":
        {
                "FrameId": 21
        },
        "clientId": "16120930b59703491ecae8880db1945a"
}
语音说话: 19, 客户端ID: 16120930b59703491ecae8880db1945a, info: {"status":"Play Audio FrameId","success":true,"data":{"FrameId":21},"clientId":"16120930b59703491ecae8880db1945a"}      
[info] Received packet from ClientID: 16120930b59703491ecae8880db1945a, size: 177, data: {
        "callbackId": 34,
        "code": 202,
        "status": "Play Audio FrameId",
        "success": true,
        "data":
        {
                "FrameId": 22
        },
        "clientId": "16120930b59703491ecae8880db1945a"
}
语音说话: 19, 客户端ID: 16120930b59703491ecae8880db1945a, info: {"status":"Play Audio FrameId","success":true,"data":{"FrameId":22},"clientId":"16120930b59703491ecae8880db1945a"}      
[info] Received packet from ClientID: 16120930b59703491ecae8880db1945a, size: 177, data: {
        "callbackId": 34,
        "code": 202,
        "status": "Play Audio FrameId",
        "success": true,
        "data":
        {
                "FrameId": 23
        },
        "clientId": "16120930b59703491ecae8880db1945a"
}
语音说话: 19, 客户端ID: 16120930b59703491ecae8880db1945a, info: {"status":"Play Audio FrameId","success":true,"data":{"FrameId":23},"clientId":"16120930b59703491ecae8880db1945a"}      
[info] Received packet from ClientID: 16120930b59703491ecae8880db1945a, size: 177, data: {
        "callbackId": 35,
        "code": 202,
        "status": "Play Audio FrameId",
        "success": true,
        "data":
        {
                "FrameId": 24
        },
        "clientId": "16120930b59703491ecae8880db1945a"
}
语音说话: 19, 客户端ID: 16120930b59703491ecae8880db1945a, info: {"status":"Play Audio FrameId","success":true,"data":{"FrameId":24},"clientId":"16120930b59703491ecae8880db1945a"}      
[info] Received packet from ClientID: 16120930b59703491ecae8880db1945a, size: 177, data: {
        "callbackId": 35,
        "code": 202,
        "status": "Play Audio FrameId",
        "success": true,
        "data":
        {
                "FrameId": 25
        },
        "clientId": "16120930b59703491ecae8880db1945a"
}
语音说话: 19, 客户端ID: 16120930b59703491ecae8880db1945a, info: {"status":"Play Audio FrameId","success":true,"data":{"FrameId":25},"clientId":"16120930b59703491ecae8880db1945a"}      
[info] Received packet from ClientID: 16120930b59703491ecae8880db1945a, size: 177, data: {
        "callbackId": 35,
        "code": 202,
        "status": "Play Audio FrameId",
        "success": true,
        "data":
        {
                "FrameId": 26
        },
        "clientId": "16120930b59703491ecae8880db1945a"
}
语音说话: 19, 客户端ID: 16120930b59703491ecae8880db1945a, info: {"status":"Play Audio FrameId","success":true,"data":{"FrameId":26},"clientId":"16120930b59703491ecae8880db1945a"}      
[info] Received packet from ClientID: 16120930b59703491ecae8880db1945a, size: 177, data: {
        "callbackId": 36,
        "code": 202,
        "status": "Play Audio FrameId",
        "success": true,
        "data":
        {
                "FrameId": 27
        },
        "clientId": "16120930b59703491ecae8880db1945a"
}
语音说话: 19, 客户端ID: 16120930b59703491ecae8880db1945a, info: {"status":"Play Audio FrameId","success":true,"data":{"FrameId":27},"clientId":"16120930b59703491ecae8880db1945a"}      
[info] Received packet from ClientID: 16120930b59703491ecae8880db1945a, size: 177, data: {
        "callbackId": 36,
        "code": 202,
        "status": "Play Audio FrameId",
        "success": true,
        "data":
        {
                "FrameId": 28
        },
        "clientId": "16120930b59703491ecae8880db1945a"
}
语音说话: 19, 客户端ID: 16120930b59703491ecae8880db1945a, info: {"status":"Play Audio FrameId","success":true,"data":{"FrameId":28},"clientId":"16120930b59703491ecae8880db1945a"}      
[info] Received packet from ClientID: 16120930b59703491ecae8880db1945a, size: 177, data: {
        "callbackId": 36,
        "code": 202,
        "status": "Play Audio FrameId",
        "success": true,
        "data":
        {
                "FrameId": 29
        },
        "clientId": "16120930b59703491ecae8880db1945a"
}
语音说话: 19, 客户端ID: 16120930b59703491ecae8880db1945a, info: {"status":"Play Audio FrameId","success":true,"data":{"FrameId":29},"clientId":"16120930b59703491ecae8880db1945a"}      
[info] Received packet from ClientID: 16120930b59703491ecae8880db1945a, size: 177, data: {
        "callbackId": 37,
        "code": 202,
        "status": "Play Audio FrameId",
        "success": true,
        "data":
        {
                "FrameId": 30
        },
        "clientId": "16120930b59703491ecae8880db1945a"
}
语音说话: 19, 客户端ID: 16120930b59703491ecae8880db1945a, info: {"status":"Play Audio FrameId","success":true,"data":{"FrameId":30},"clientId":"16120930b59703491ecae8880db1945a"}      
[info] Received packet from ClientID: 16120930b59703491ecae8880db1945a, size: 177, data: {
        "callbackId": 37,
        "code": 202,
        "status": "Play Audio FrameId",
        "success": true,
        "data":
        {
                "FrameId": 31
        },
        "clientId": "16120930b59703491ecae8880db1945a"
}
语音说话: 19, 客户端ID: 16120930b59703491ecae8880db1945a, info: {"status":"Play Audio FrameId","success":true,"data":{"FrameId":31},"clientId":"16120930b59703491ecae8880db1945a"}      
[info] Received packet from ClientID: 16120930b59703491ecae8880db1945a, size: 177, data: {
        "callbackId": 37,
        "code": 202,
        "status": "Play Audio FrameId",
        "success": true,
        "data":
        {
                "FrameId": 32
        },
        "clientId": "16120930b59703491ecae8880db1945a"
}
语音说话: 19, 客户端ID: 16120930b59703491ecae8880db1945a, info: {"status":"Play Audio FrameId","success":true,"data":{"FrameId":32},"clientId":"16120930b59703491ecae8880db1945a"}      
[info] Received packet from ClientID: 16120930b59703491ecae8880db1945a, size: 177, data: {
        "callbackId": 38,
        "code": 202,
        "status": "Play Audio FrameId",
        "success": true,
        "data":
        {
                "FrameId": 33
        },
        "clientId": "16120930b59703491ecae8880db1945a"
}
语音说话: 19, 客户端ID: 16120930b59703491ecae8880db1945a, info: {"status":"Play Audio FrameId","success":true,"data":{"FrameId":33},"clientId":"16120930b59703491ecae8880db1945a"}      
[info] Received packet from ClientID: 16120930b59703491ecae8880db1945a, size: 177, data: {
        "callbackId": 38,
        "code": 202,
        "status": "Play Audio FrameId",
        "success": true,
        "data":
        {
                "FrameId": 34
        },
        "clientId": "16120930b59703491ecae8880db1945a"
}
语音说话: 19, 客户端ID: 16120930b59703491ecae8880db1945a, info: {"status":"Play Audio FrameId","success":true,"data":{"FrameId":34},"clientId":"16120930b59703491ecae8880db1945a"}      
[info] Received packet from ClientID: 16120930b59703491ecae8880db1945a, size: 177, data: {
        "callbackId": 38,
        "code": 202,
        "status": "Play Audio FrameId",
        "success": true,
        "data":
        {
                "FrameId": 35
        },
        "clientId": "16120930b59703491ecae8880db1945a"
}
语音说话: 19, 客户端ID: 16120930b59703491ecae8880db1945a, info: {"status":"Play Audio FrameId","success":true,"data":{"FrameId":35},"clientId":"16120930b59703491ecae8880db1945a"}      
[info] Received packet from ClientID: 16120930b59703491ecae8880db1945a, size: 177, data: {
        "callbackId": 38,
        "code": 202,
        "status": "Play Audio FrameId",
        "success": true,
        "data":
        {
                "FrameId": 36
        },
        "clientId": "16120930b59703491ecae8880db1945a"
}
语音说话: 19, 客户端ID: 16120930b59703491ecae8880db1945a, info: {"status":"Play Audio FrameId","success":true,"data":{"FrameId":36},"clientId":"16120930b59703491ecae8880db1945a"}      
[info] Received packet from ClientID: 16120930b59703491ecae8880db1945a, size: 177, data: {
        "callbackId": 39,
        "code": 202,
        "status": "Play Audio FrameId",
        "success": true,
        "data":
        {
                "FrameId": 37
        },
        "clientId": "16120930b59703491ecae8880db1945a"
}
语音说话: 19, 客户端ID: 16120930b59703491ecae8880db1945a, info: {"status":"Play Audio FrameId","success":true,"data":{"FrameId":37},"clientId":"16120930b59703491ecae8880db1945a"}      
[info] Received packet from ClientID: 16120930b59703491ecae8880db1945a, size: 177, data: {
        "callbackId": 39,
        "code": 202,
        "status": "Play Audio FrameId",
        "success": true,
        "data":
        {
                "FrameId": 38
        },
        "clientId": "16120930b59703491ecae8880db1945a"
}
语音说话: 19, 客户端ID: 16120930b59703491ecae8880db1945a, info: {"status":"Play Audio FrameId","success":true,"data":{"FrameId":38},"clientId":"16120930b59703491ecae8880db1945a"}      
[info] Received packet from ClientID: 16120930b59703491ecae8880db1945a, size: 177, data: {
        "callbackId": 39,
        "code": 202,
        "status": "Play Audio FrameId",
        "success": true,
        "data":
        {
                "FrameId": 39
        },
        "clientId": "16120930b59703491ecae8880db1945a"
}
语音说话: 19, 客户端ID: 16120930b59703491ecae8880db1945a, info: {"status":"Play Audio FrameId","success":true,"data":{"FrameId":39},"clientId":"16120930b59703491ecae8880db1945a"}      
[info] Received packet from ClientID: 16120930b59703491ecae8880db1945a, size: 177, data: {
        "callbackId": 40,
        "code": 202,
        "status": "Play Audio FrameId",
        "success": true,
        "data":
        {
                "FrameId": 40
        },
        "clientId": "16120930b59703491ecae8880db1945a"
}
语音说话: 19, 客户端ID: 16120930b59703491ecae8880db1945a, info: {"status":"Play Audio FrameId","success":true,"data":{"FrameId":40},"clientId":"16120930b59703491ecae8880db1945a"}      
[info] Received packet from ClientID: 16120930b59703491ecae8880db1945a, size: 177, data: {
        "callbackId": 40,
        "code": 202,
        "status": "Play Audio FrameId",
        "success": true,
        "data":
        {
                "FrameId": 41
        },
        "clientId": "16120930b59703491ecae8880db1945a"
}
语音说话: 19, 客户端ID: 16120930b59703491ecae8880db1945a, info: {"status":"Play Audio FrameId","success":true,"data":{"FrameId":41},"clientId":"16120930b59703491ecae8880db1945a"}      
[info] Received packet from ClientID: 16120930b59703491ecae8880db1945a, size: 177, data: {
        "callbackId": 40,
        "code": 202,
        "status": "Play Audio FrameId",
        "success": true,
        "data":
        {
                "FrameId": 42
        },
        "clientId": "16120930b59703491ecae8880db1945a"
}
语音说话: 19, 客户端ID: 16120930b59703491ecae8880db1945a, info: {"status":"Play Audio FrameId","success":true,"data":{"FrameId":42},"clientId":"16120930b59703491ecae8880db1945a"}      
[info] Received packet from ClientID: 16120930b59703491ecae8880db1945a, size: 177, data: {
        "callbackId": 41,
        "code": 202,
        "status": "Play Audio FrameId",
        "success": true,
        "data":
        {
                "FrameId": 43
        },
        "clientId": "16120930b59703491ecae8880db1945a"
}
语音说话: 19, 客户端ID: 16120930b59703491ecae8880db1945a, info: {"status":"Play Audio FrameId","success":true,"data":{"FrameId":43},"clientId":"16120930b59703491ecae8880db1945a"}      
[info] Received packet from ClientID: 16120930b59703491ecae8880db1945a, size: 177, data: {
        "callbackId": 41,
        "code": 202,
        "status": "Play Audio FrameId",
        "success": true,
        "data":
        {
                "FrameId": 44
        },
        "clientId": "16120930b59703491ecae8880db1945a"
}
语音说话: 19, 客户端ID: 16120930b59703491ecae8880db1945a, info: {"status":"Play Audio FrameId","success":true,"data":{"FrameId":44},"clientId":"16120930b59703491ecae8880db1945a"}      
[info] Received packet from ClientID: 16120930b59703491ecae8880db1945a, size: 177, data: {
        "callbackId": 41,
        "code": 202,
        "status": "Play Audio FrameId",
        "success": true,
        "data":
        {
                "FrameId": 45
        },
        "clientId": "16120930b59703491ecae8880db1945a"
}
语音说话: 19, 客户端ID: 16120930b59703491ecae8880db1945a, info: {"status":"Play Audio FrameId","success":true,"data":{"FrameId":45},"clientId":"16120930b59703491ecae8880db1945a"}      
[info] Received packet from ClientID: 16120930b59703491ecae8880db1945a, size: 169, data: {
        "callbackId": 42,
        "code": 202,
        "status": "Error: Audio Data Is Empty",
        "success": false,
        "data":
        {
        },
        "clientId": "16120930b59703491ecae8880db1945a"
}
语音说话: 122, 客户端ID: 16120930b59703491ecae8880db1945a, info: {"status":"Error: Audio Data Is Empty","success":false,"data":{},"clientId":"16120930b59703491ecae8880db1945a"}        
播放失败: 16120930b59703491ecae8880db1945a,
[info] Received packet from ClientID: 16120930b59703491ecae8880db1945a, size: 177, data: {
        "callbackId": 42,
        "code": 202,
        "status": "Play Audio FrameId",
        "success": true,
        "data":
        {
                "FrameId": 46
        },
        "clientId": "16120930b59703491ecae8880db1945a"
}
语音说话: 19, 客户端ID: 16120930b59703491ecae8880db1945a, info: {"status":"Play Audio FrameId","success":true,"data":{"FrameId":46},"clientId":"16120930b59703491ecae8880db1945a"}      
[info] Received packet from ClientID: 16120930b59703491ecae8880db1945a, size: 177, data: {
        "callbackId": 42,
        "code": 202,
        "status": "Play Audio FrameId",
        "success": true,
        "data":
        {
                "FrameId": 47
        },
        "clientId": "16120930b59703491ecae8880db1945a"
}
语音说话: 19, 客户端ID: 16120930b59703491ecae8880db1945a, info: {"status":"Play Audio FrameId","success":true,"data":{"FrameId":47},"clientId":"16120930b59703491ecae8880db1945a"}      
[info] Received packet from ClientID: 16120930b59703491ecae8880db1945a, size: 177, data: {
        "callbackId": 42,
        "code": 202,
        "status": "Play Audio FrameId",
        "success": true,
        "data":
        {
                "FrameId": 48
        },
        "clientId": "16120930b59703491ecae8880db1945a"
}
语音说话: 19, 客户端ID: 16120930b59703491ecae8880db1945a, info: {"status":"Play Audio FrameId","success":true,"data":{"FrameId":48},"clientId":"16120930b59703491ecae8880db1945a"}      
[info] Received packet from ClientID: 16120930b59703491ecae8880db1945a, size: 177, data: {
        "callbackId": 42,
        "code": 202,
        "status": "Play Audio FrameId",
        "success": true,
        "data":
        {
                "FrameId": 49
        },
        "clientId": "16120930b59703491ecae8880db1945a"
}
语音说话: 19, 客户端ID: 16120930b59703491ecae8880db1945a, info: {"status":"Play Audio FrameId","success":true,"data":{"FrameId":49},"clientId":"16120930b59703491ecae8880db1945a"}      
[info] Received packet from ClientID: 16120930b59703491ecae8880db1945a, size: 177, data: {
        "callbackId": 42,
        "code": 202,
        "status": "Play Audio FrameId",
        "success": true,
        "data":
        {
                "FrameId": 50
        },
        "clientId": "16120930b59703491ecae8880db1945a"
}
语音说话: 19, 客户端ID: 16120930b59703491ecae8880db1945a, info: {"status":"Play Audio FrameId","success":true,"data":{"FrameId":50},"clientId":"16120930b59703491ecae8880db1945a"}      
[info] Received packet from ClientID: 16120930b59703491ecae8880db1945a, size: 177, data: {
        "callbackId": 42,
        "code": 202,
        "status": "Play Audio FrameId",
        "success": true,
        "data":
        {
                "FrameId": 51
        },
        "clientId": "16120930b59703491ecae8880db1945a"
}
语音说话: 19, 客户端ID: 16120930b59703491ecae8880db1945a, info: {"status":"Play Audio FrameId","success":true,"data":{"FrameId":51},"clientId":"16120930b59703491ecae8880db1945a"}      
[info] Received packet from ClientID: 16120930b59703491ecae8880db1945a, size: 177, data: {
        "callbackId": 42,
        "code": 202,
        "status": "Play Audio FrameId",
        "success": true,
        "data":
        {
                "FrameId": 52
        },
        "clientId": "16120930b59703491ecae8880db1945a"
}
语音说话: 19, 客户端ID: 16120930b59703491ecae8880db1945a, info: {"status":"Play Audio FrameId","success":true,"data":{"FrameId":52},"clientId":"16120930b59703491ecae8880db1945a"}      
[info] Received packet from ClientID: 16120930b59703491ecae8880db1945a, size: 177, data: {
        "callbackId": 42,
        "code": 202,
        "status": "Play Audio FrameId",
        "success": true,
        "data":
        {
                "FrameId": 53
        },
        "clientId": "16120930b59703491ecae8880db1945a"
}
语音说话: 19, 客户端ID: 16120930b59703491ecae8880db1945a, info: {"status":"Play Audio FrameId","success":true,"data":{"FrameId":53},"clientId":"16120930b59703491ecae8880db1945a"}      
[info] Received packet from ClientID: 16120930b59703491ecae8880db1945a, size: 177, data: {
        "callbackId": 42,
        "code": 202,
        "status": "Play Audio FrameId",
        "success": true,
        "data":
        {
                "FrameId": 54
        },
        "clientId": "16120930b59703491ecae8880db1945a"
}
语音说话: 19, 客户端ID: 16120930b59703491ecae8880db1945a, info: {"status":"Play Audio FrameId","success":true,"data":{"FrameId":54},"clientId":"16120930b59703491ecae8880db1945a"}      
[info] Received packet from ClientID: 16120930b59703491ecae8880db1945a, size: 177, data: {
        "callbackId": 42,
        "code": 202,
        "status": "Play Audio FrameId",
        "success": true,
        "data":
        {
                "FrameId": 55
        },
        "clientId": "16120930b59703491ecae8880db1945a"
}
语音说话: 19, 客户端ID: 16120930b59703491ecae8880db1945a, info: {"status":"Play Audio FrameId","success":true,"data":{"FrameId":55},"clientId":"16120930b59703491ecae8880db1945a"}      
[info] Received packet from ClientID: 16120930b59703491ecae8880db1945a, size: 177, data: {
        "callbackId": 42,
        "code": 202,
        "status": "Play Audio FrameId",
        "success": true,
        "data":
        {
                "FrameId": 56
        },
        "clientId": "16120930b59703491ecae8880db1945a"
}
语音说话: 19, 客户端ID: 16120930b59703491ecae8880db1945a, info: {"status":"Play Audio FrameId","success":true,"data":{"FrameId":56},"clientId":"16120930b59703491ecae8880db1945a"}      
[info] Received packet from ClientID: 16120930b59703491ecae8880db1945a, size: 177, data: {
        "callbackId": 42,
        "code": 202,
        "status": "Play Audio FrameId",
        "success": true,
        "data":
        {
                "FrameId": 57
        },
        "clientId": "16120930b59703491ecae8880db1945a"
}
语音说话: 19, 客户端ID: 16120930b59703491ecae8880db1945a, info: {"status":"Play Audio FrameId","success":true,"data":{"FrameId":57},"clientId":"16120930b59703491ecae8880db1945a"}      
[info] Received packet from ClientID: 16120930b59703491ecae8880db1945a, size: 177, data: {
        "callbackId": 42,
        "code": 202,
        "status": "Play Audio FrameId",
        "success": true,
        "data":
        {
                "FrameId": 58
        },
        "clientId": "16120930b59703491ecae8880db1945a"
}
语音说话: 19, 客户端ID: 16120930b59703491ecae8880db1945a, info: {"status":"Play Audio FrameId","success":true,"data":{"FrameId":58},"clientId":"16120930b59703491ecae8880db1945a"}      
[info] Received packet from ClientID: 16120930b59703491ecae8880db1945a, size: 177, data: {
        "callbackId": 42,
        "code": 202,
        "status": "Play Audio FrameId",
        "success": true,
        "data":
        {
                "FrameId": 59
        },
        "clientId": "16120930b59703491ecae8880db1945a"
}
语音说话: 19, 客户端ID: 16120930b59703491ecae8880db1945a, info: {"status":"Play Audio FrameId","success":true,"data":{"FrameId":59},"clientId":"16120930b59703491ecae8880db1945a"}      
[info] Received packet from ClientID: 16120930b59703491ecae8880db1945a, size: 177, data: {
        "callbackId": 42,
        "code": 202,
        "status": "Play Audio FrameId",
        "success": true,
        "data":
        {
                "FrameId": 60
        },
        "clientId": "16120930b59703491ecae8880db1945a"
}
语音说话: 19, 客户端ID: 16120930b59703491ecae8880db1945a, info: {"status":"Play Audio FrameId","success":true,"data":{"FrameId":60},"clientId":"16120930b59703491ecae8880db1945a"}      
[info] Received packet from ClientID: 16120930b59703491ecae8880db1945a, size: 177, data: {
        "callbackId": 42,
        "code": 202,
        "status": "Play Audio FrameId",
        "success": true,
        "data":
        {
                "FrameId": 61
        },
        "clientId": "16120930b59703491ecae8880db1945a"
}
语音说话: 19, 客户端ID: 16120930b59703491ecae8880db1945a, info: {"status":"Play Audio FrameId","success":true,"data":{"FrameId":61},"clientId":"16120930b59703491ecae8880db1945a"}      
[info] Received packet from ClientID: 16120930b59703491ecae8880db1945a, size: 177, data: {
        "callbackId": 42,
        "code": 202,
        "status": "Play Audio FrameId",
        "success": true,
        "data":
        {
                "FrameId": 62
        },
        "clientId": "16120930b59703491ecae8880db1945a"
}
语音说话: 19, 客户端ID: 16120930b59703491ecae8880db1945a, info: {"status":"Play Audio FrameId","success":true,"data":{"FrameId":62},"clientId":"16120930b59703491ecae8880db1945a"}      
[info] Received packet from ClientID: 16120930b59703491ecae8880db1945a, size: 177, data: {
        "callbackId": 42,
        "code": 202,
        "status": "Play Audio FrameId",
        "success": true,
        "data":
        {
                "FrameId": 63
        },
        "clientId": "16120930b59703491ecae8880db1945a"
}
语音说话: 19, 客户端ID: 16120930b59703491ecae8880db1945a, info: {"status":"Play Audio FrameId","success":true,"data":{"FrameId":63},"clientId":"16120930b59703491ecae8880db1945a"}      
[info] Received packet from ClientID: 16120930b59703491ecae8880db1945a, size: 177, data: {
        "callbackId": 42,
        "code": 202,
        "status": "Play Audio FrameId",
        "success": true,
        "data":
        {
                "FrameId": 64
        },
        "clientId": "16120930b59703491ecae8880db1945a"
}
语音说话: 19, 客户端ID: 16120930b59703491ecae8880db1945a, info: {"status":"Play Audio FrameId","success":true,"data":{"FrameId":64},"clientId":"16120930b59703491ecae8880db1945a"}      
[info] Received packet from ClientID: 16120930b59703491ecae8880db1945a, size: 177, data: {
        "callbackId": 42,
        "code": 202,
        "status": "Play Audio FrameId",
        "success": true,
        "data":
        {
                "FrameId": 65
        },
        "clientId": "16120930b59703491ecae8880db1945a"
}
语音说话: 19, 客户端ID: 16120930b59703491ecae8880db1945a, info: {"status":"Play Audio FrameId","success":true,"data":{"FrameId":65},"clientId":"16120930b59703491ecae8880db1945a"}      
[info] Received packet from ClientID: 16120930b59703491ecae8880db1945a, size: 177, data: {
        "callbackId": 42,
        "code": 202,
        "status": "Play Audio FrameId",
        "success": true,
        "data":
        {
                "FrameId": 66
        },
        "clientId": "16120930b59703491ecae8880db1945a"
}
语音说话: 19, 客户端ID: 16120930b59703491ecae8880db1945a, info: {"status":"Play Audio FrameId","success":true,"data":{"FrameId":66},"clientId":"16120930b59703491ecae8880db1945a"}      
[info] Received packet from ClientID: 16120930b59703491ecae8880db1945a, size: 177, data: {
        "callbackId": 42,
        "code": 202,
        "status": "Play Audio FrameId",
        "success": true,
        "data":
        {
                "FrameId": 67
        },
        "clientId": "16120930b59703491ecae8880db1945a"
}
语音说话: 19, 客户端ID: 16120930b59703491ecae8880db1945a, info: {"status":"Play Audio FrameId","success":true,"data":{"FrameId":67},"clientId":"16120930b59703491ecae8880db1945a"}      
[info] Received packet from ClientID: 16120930b59703491ecae8880db1945a, size: 177, data: {
        "callbackId": 42,
        "code": 202,
        "status": "Play Audio FrameId",
        "success": true,
        "data":
        {
                "FrameId": 68
        },
        "clientId": "16120930b59703491ecae8880db1945a"
}
语音说话: 19, 客户端ID: 16120930b59703491ecae8880db1945a, info: {"status":"Play Audio FrameId","success":true,"data":{"FrameId":68},"clientId":"16120930b59703491ecae8880db1945a"}      
[info] Received packet from ClientID: 16120930b59703491ecae8880db1945a, size: 177, data: {
        "callbackId": 42,
        "code": 202,
        "status": "Play Audio FrameId",
        "success": true,
        "data":
        {
                "FrameId": 69
        },
        "clientId": "16120930b59703491ecae8880db1945a"
}
语音说话: 19, 客户端ID: 16120930b59703491ecae8880db1945a, info: {"status":"Play Audio FrameId","success":true,"data":{"FrameId":69},"clientId":"16120930b59703491ecae8880db1945a"}      
[info] Received packet from ClientID: 16120930b59703491ecae8880db1945a, size: 177, data: {
        "callbackId": 42,
        "code": 202,
        "status": "Play Audio FrameId",
        "success": true,
        "data":
        {
                "FrameId": 70
        },
        "clientId": "16120930b59703491ecae8880db1945a"
}
语音说话: 19, 客户端ID: 16120930b59703491ecae8880db1945a, info: {"status":"Play Audio FrameId","success":true,"data":{"FrameId":70},"clientId":"16120930b59703491ecae8880db1945a"}      
[info] Received packet from ClientID: 16120930b59703491ecae8880db1945a, size: 177, data: {
        "callbackId": 42,
        "code": 202,
        "status": "Play Audio FrameId",
        "success": true,
        "data":
        {
                "FrameId": 71
        },
        "clientId": "16120930b59703491ecae8880db1945a"
}
语音说话: 19, 客户端ID: 16120930b59703491ecae8880db1945a, info: {"status":"Play Audio FrameId","success":true,"data":{"FrameId":71},"clientId":"16120930b59703491ecae8880db1945a"}      
[info] Received packet from ClientID: 16120930b59703491ecae8880db1945a, size: 177, data: {
        "callbackId": 42,
        "code": 202,
        "status": "Play Audio FrameId",
        "success": true,
        "data":
        {
                "FrameId": 72
        },
        "clientId": "16120930b59703491ecae8880db1945a"
}
语音说话: 19, 客户端ID: 16120930b59703491ecae8880db1945a, info: {"status":"Play Audio FrameId","success":true,"data":{"FrameId":72},"clientId":"16120930b59703491ecae8880db1945a"}      
[info] Received packet from ClientID: 16120930b59703491ecae8880db1945a, size: 177, data: {
        "callbackId": 42,
        "code": 202,
        "status": "Play Audio FrameId",
        "success": true,
        "data":
        {
                "FrameId": 73
        },
        "clientId": "16120930b59703491ecae8880db1945a"
}
语音说话: 19, 客户端ID: 16120930b59703491ecae8880db1945a, info: {"status":"Play Audio FrameId","success":true,"data":{"FrameId":73},"clientId":"16120930b59703491ecae8880db1945a"}      
[info] Received packet from ClientID: 16120930b59703491ecae8880db1945a, size: 177, data: {
        "callbackId": 42,
        "code": 202,
        "status": "Play Audio FrameId",
        "success": true,
        "data":
        {
                "FrameId": 74
        },
        "clientId": "16120930b59703491ecae8880db1945a"
}
语音说话: 19, 客户端ID: 16120930b59703491ecae8880db1945a, info: {"status":"Play Audio FrameId","success":true,"data":{"FrameId":74},"clientId":"16120930b59703491ecae8880db1945a"}      
[info] Received packet from ClientID: 16120930b59703491ecae8880db1945a, size: 177, data: {
        "callbackId": 42,
        "code": 202,
        "status": "Play Audio FrameId",
        "success": true,
        "data":
        {
                "FrameId": 75
        },
        "clientId": "16120930b59703491ecae8880db1945a"
}
语音说话: 19, 客户端ID: 16120930b59703491ecae8880db1945a, info: {"status":"Play Audio FrameId","success":true,"data":{"FrameId":75},"clientId":"16120930b59703491ecae8880db1945a"}      
[info] Received packet from ClientID: 16120930b59703491ecae8880db1945a, size: 177, data: {
        "callbackId": 42,
        "code": 202,
        "status": "Play Audio FrameId",
        "success": true,
        "data":
        {
                "FrameId": 76
        },
        "clientId": "16120930b59703491ecae8880db1945a"
}
语音说话: 19, 客户端ID: 16120930b59703491ecae8880db1945a, info: {"status":"Play Audio FrameId","success":true,"data":{"FrameId":76},"clientId":"16120930b59703491ecae8880db1945a"}      
[info] Received packet from ClientID: 16120930b59703491ecae8880db1945a, size: 177, data: {
        "callbackId": 42,
        "code": 202,
        "status": "Play Audio FrameId",
        "success": true,
        "data":
        {
                "FrameId": 77
        },
        "clientId": "16120930b59703491ecae8880db1945a"
}
语音说话: 19, 客户端ID: 16120930b59703491ecae8880db1945a, info: {"status":"Play Audio FrameId","success":true,"data":{"FrameId":77},"clientId":"16120930b59703491ecae8880db1945a"}      
[info] Received packet from ClientID: 16120930b59703491ecae8880db1945a, size: 177, data: {
        "callbackId": 42,
        "code": 202,
        "status": "Play Audio FrameId",
        "success": true,
        "data":
        {
                "FrameId": 78
        },
        "clientId": "16120930b59703491ecae8880db1945a"
}
语音说话: 19, 客户端ID: 16120930b59703491ecae8880db1945a, info: {"status":"Play Audio FrameId","success":true,"data":{"FrameId":78},"clientId":"16120930b59703491ecae8880db1945a"}      
[info] Received packet from ClientID: 16120930b59703491ecae8880db1945a, size: 177, data: {
        "callbackId": 42,
        "code": 202,
        "status": "Play Audio FrameId",
        "success": true,
        "data":
        {
                "FrameId": 79
        },
        "clientId": "16120930b59703491ecae8880db1945a"
}
语音说话: 19, 客户端ID: 16120930b59703491ecae8880db1945a, info: {"status":"Play Audio FrameId","success":true,"data":{"FrameId":79},"clientId":"16120930b59703491ecae8880db1945a"}      
[info] Received packet from ClientID: 16120930b59703491ecae8880db1945a, size: 177, data: {
        "callbackId": 42,
        "code": 202,
        "status": "Play Audio FrameId",
        "success": true,
        "data":
        {
                "FrameId": 80
        },
        "clientId": "16120930b59703491ecae8880db1945a"
}
语音说话: 19, 客户端ID: 16120930b59703491ecae8880db1945a, info: {"status":"Play Audio FrameId","success":true,"data":{"FrameId":80},"clientId":"16120930b59703491ecae8880db1945a"}      
[info] Received packet from ClientID: 16120930b59703491ecae8880db1945a, size: 14, data: heartbeat ping