[2024-08-23 16:10:23.967] [info] MSDK instance created.
[2024-08-23 16:10:23.969] [info] Http Init Success
[2024-08-23 16:10:23.969] [info] MSDK initialized with config: {"display_ue_window": true, "play_ue_sound": true, "ws_server_port": 26217, "ue_fullpath": "F:/Windows_Release/UE/Windows/RenderBody/Binaries/win64/RenderBody-Win64-Shipping.exe", "digital_human": {"name": "xiaolan", "position": {"x": 800, "y": 1000}, "scale": 1}}
[2024-08-23 16:10:24.218] [info] DeviceId 00:d8:61:38:18:e0===0000_0000_0000_0000_A428_B703_72B4_00C2.===00000000-0000-0000-0000-00D8613818E0
[2024-08-23 16:10:24.281] [info] Response data: {"Status":"SUCCESS","Msg":"启动器分配成功","MachineCapacity":3,"Description":"道远windows"}
[2024-08-23 16:10:24.282] [info] ResponseData: {"Status":"SUCCESS","Msg":"启动器分配成功","MachineCapacity":3,"Description":"道远windows"}
[2024-08-23 16:10:24.282] [info] Authorization successful.
[2024-08-23 16:10:24.282] [info] Parsed JSON parameters successfully.
[2024-08-23 16:10:24.282] [info] Starting WebSocket server at 26217
[2024-08-23 16:10:24.289] [info] WebSocket server created successfully.
[2024-08-23 16:10:24.295] [info] UE process started. Process ID: 12800
[2024-08-23 16:10:24.295] [info] UE process started successfully.
[2024-08-23 16:10:27.236] [info] LWS_CALLBACK_FILTER_NETWORK_CONNECTION
[2024-08-23 16:10:27.237] [info] ad6e580bcede2243056471ca8a1205b6 AddConnection.
[2024-08-23 16:10:27.343] [info] Received packet from ClientID: ad6e580bcede2243056471ca8a1205b6, size: 149, data: {
	"callbackId": 0,
	"code": 91,
	"status": "Send GUID",
	"success": true,
	"data":
	{
	},
	"clientId": "f17c41ad88192a4afbe4928c40beecf4"
}
[2024-08-23 16:10:27.345] [info] Updated connection ID from ad6e580bcede2243056471ca8a1205b6 to f17c41ad88192a4afbe4928c40beecf4.
[2024-08-23 16:10:28.311] [info] Received packet from ClientID: f17c41ad88192a4afbe4928c40beecf4, size: 2688, data: {
	"callbackId": 0,
	"code": 92,
	"status": "Init Finish",
	"success": true,
	"data":
	{
		"WSConnect":
		{
			"character_data":
			{
				"data": [
					{
						"name": "xiaogang",
						"image": "https://yiv-hz-1.oss-cn-hangzhou.aliyuncs.com/prod/metahcloud/digitalhuman/photograph/xiaogang.png",
						"clothes": [
							{
								"name": "ZhiYe"
							},
							{
								"name": "FengYi"
							},
							{
								"name": "KeJi"
							},
							{
								"name": "MaJia"
							},
							{
								"name": "XiFu2"
							},
							{
								"name": "XiuXian"
							}
						],
						"anim": []
					},
					{
						"name": "xiaolan",
						"image": "https://yiv-hz-1.oss-cn-hangzhou.aliyuncs.com/prod/metahcloud/digitalhuman/photograph/xiaolan.png",
						"clothes": [
							{
								"name": "KeJi"
							},
							{
								"name": "NvPu"
							},
							{
								"name": "QiPao"
							},
							{
								"name": "XueSheng"
							},
							{
								"name": "XiFu"
							},
							{
								"name": "XiuXian"
							}
						],
						"anim": []
					},
					{
						"name": "landudu",
						"image": "https://yiv-hz-1.oss-cn-hangzhou.aliyuncs.com/prod/metahcloud/digitalhuman/photograph/landudu.png",
						"clothes": [],
						"anim": []
					},
					{
						"name": "lubao",
						"image": "https://yiv-hz-1.oss-cn-hangzhou.aliyuncs.com/prod/metahcloud/digitalhuman/photograph/lubao.png",
						"clothes": [],
						"anim": []
					},
					{
						"name": "normal_red",
						"image": "https://yiv-hz-1.oss-cn-hangzhou.aliyuncs.com/prod/metahcloud/digitalhuman/photograph/caitong-red.png",
						"clothes": [],
						"anim": [
							{
								"name": "Thanks"
							},
							{
								"name": "Sun"
							}
						]
					},
					{
						"name": "normal_blue",
						"image": "https://yiv-hz-1.oss-cn-hangzhou.aliyuncs.com/prod/metahcloud/digitalhuman/photograph/caitong-blue.png",
						"clothes": [],
						"anim": []
					},
					{
						"name": "dargon_red",
						"image": "https://yiv-hz-1.oss-cn-hangzhou.aliyuncs.com/prod/metahcloud/digitalhuman/photograph/caitong-red-long.png",
						"clothes": [],
						"anim": []
					},
					{
						"name": "dargon_blue",
						"image": "https://yiv-hz-1.oss-cn-hangzhou.aliyuncs.com/prod/metahcloud/digitalhuman/photograph/caitong-blue-long.png",
						"clothes": [],
						"anim": []
					}
				]
			},
			"resolution_x": 1920,
			"resolution_y": 1080
		},
		"ChangeCharacter":
		{
			"ScreenSize": "X=260.960 Y=857.207",
			"Name": "xiaolan"
		}
	},
	"clientId": "f17c41ad88192a4afbe4928c40beecf4"
}
[2024-08-23 16:10:28.742] [info] Received packet from ClientID: f17c41ad88192a4afbe4928c40beecf4, size: 292, data: {
	"callbackId": 1,
	"code": 101,
	"status": "Streaming started successfully.",
	"success": true,
	"data":
	{
		"logMessages": [
			{
				"MessageType": "Info",
				"Message": "RTMP publisher started successfully."
			}
		]
	},
	"clientId": "f17c41ad88192a4afbe4928c40beecf4"
}
[2024-08-23 16:10:28.743] [info] Received packet from ClientID: f17c41ad88192a4afbe4928c40beecf4, size: 291, data: {
	"callbackId": 1,
	"code": 101,
	"status": "Streaming exception.",
	"success": false,
	"data":
	{
		"logMessages": [
			{
				"MessageType": "Error",
				"Message": "Could not find useful packet. ErrorCode:-11."
			}
		]
	},
	"clientId": "f17c41ad88192a4afbe4928c40beecf4"
}
[2024-08-23 16:10:28.954] [info] Received packet from ClientID: f17c41ad88192a4afbe4928c40beecf4, size: 257, data: {
	"callbackId": 2,
	"code": 302,
	"status": "Character position Changed.",
	"success": true,
	"data":
	{
		"Message": "Character position Changed.",
		"Character position now": "X=900 Y=1500"
	},
	"clientId": "f17c41ad88192a4afbe4928c40beecf4"
}
[2024-08-23 16:10:36.532] [info] Stopping UE with GUID: f17c41ad88192a4afbe4928c40beecf4
[2024-08-23 16:10:36.533] [info] UE process with GUID: f17c41ad88192a4afbe4928c40beecf4 terminated successfully.
[2024-08-23 16:10:36.743] [info] OnSocketClose.
[2024-08-23 16:10:36.744] [info] f17c41ad88192a4afbe4928c40beecf4 RemoveConnection.
[2024-08-23 16:10:56.664] [info] MSDK initialized with config: {"display_ue_window": true, "play_ue_sound": true, "ws_server_port": 26217, "ue_fullpath": "F:/Windows_Release/UE/Windows/RenderBody/Binaries/win64/RenderBody-Win64-Shipping.exe", "digital_human": {"name": "xiaolan", "position": {"x": 800, "y": 1000}, "scale": 1}}
[2024-08-23 16:10:56.664] [info] Parsed JSON parameters successfully.
[2024-08-23 16:10:56.671] [info] UE process started. Process ID: 22496
[2024-08-23 16:10:56.671] [info] UE process started successfully.
[2024-08-23 16:10:59.594] [info] LWS_CALLBACK_FILTER_NETWORK_CONNECTION
[2024-08-23 16:10:59.595] [info] 623e8b1d4afb2ea815a1cd241ed7281b AddConnection.
[2024-08-23 16:10:59.703] [info] Received packet from ClientID: 623e8b1d4afb2ea815a1cd241ed7281b, size: 149, data: {
	"callbackId": 4,
	"code": 91,
	"status": "Send GUID",
	"success": true,
	"data":
	{
	},
	"clientId": "c628c7d1f2922f2674746ff8d0f3d3a6"
}
[2024-08-23 16:10:59.706] [info] Updated connection ID from 623e8b1d4afb2ea815a1cd241ed7281b to c628c7d1f2922f2674746ff8d0f3d3a6.
[2024-08-23 16:11:00.571] [info] Received packet from ClientID: c628c7d1f2922f2674746ff8d0f3d3a6, size: 2688, data: {
	"callbackId": 4,
	"code": 92,
	"status": "Init Finish",
	"success": true,
	"data":
	{
		"WSConnect":
		{
			"character_data":
			{
				"data": [
					{
						"name": "xiaogang",
						"image": "https://yiv-hz-1.oss-cn-hangzhou.aliyuncs.com/prod/metahcloud/digitalhuman/photograph/xiaogang.png",
						"clothes": [
							{
								"name": "ZhiYe"
							},
							{
								"name": "FengYi"
							},
							{
								"name": "KeJi"
							},
							{
								"name": "MaJia"
							},
							{
								"name": "XiFu2"
							},
							{
								"name": "XiuXian"
							}
						],
						"anim": []
					},
					{
						"name": "xiaolan",
						"image": "https://yiv-hz-1.oss-cn-hangzhou.aliyuncs.com/prod/metahcloud/digitalhuman/photograph/xiaolan.png",
						"clothes": [
							{
								"name": "KeJi"
							},
							{
								"name": "NvPu"
							},
							{
								"name": "QiPao"
							},
							{
								"name": "XueSheng"
							},
							{
								"name": "XiFu"
							},
							{
								"name": "XiuXian"
							}
						],
						"anim": []
					},
					{
						"name": "landudu",
						"image": "https://yiv-hz-1.oss-cn-hangzhou.aliyuncs.com/prod/metahcloud/digitalhuman/photograph/landudu.png",
						"clothes": [],
						"anim": []
					},
					{
						"name": "lubao",
						"image": "https://yiv-hz-1.oss-cn-hangzhou.aliyuncs.com/prod/metahcloud/digitalhuman/photograph/lubao.png",
						"clothes": [],
						"anim": []
					},
					{
						"name": "normal_red",
						"image": "https://yiv-hz-1.oss-cn-hangzhou.aliyuncs.com/prod/metahcloud/digitalhuman/photograph/caitong-red.png",
						"clothes": [],
						"anim": [
							{
								"name": "Thanks"
							},
							{
								"name": "Sun"
							}
						]
					},
					{
						"name": "normal_blue",
						"image": "https://yiv-hz-1.oss-cn-hangzhou.aliyuncs.com/prod/metahcloud/digitalhuman/photograph/caitong-blue.png",
						"clothes": [],
						"anim": []
					},
					{
						"name": "dargon_red",
						"image": "https://yiv-hz-1.oss-cn-hangzhou.aliyuncs.com/prod/metahcloud/digitalhuman/photograph/caitong-red-long.png",
						"clothes": [],
						"anim": []
					},
					{
						"name": "dargon_blue",
						"image": "https://yiv-hz-1.oss-cn-hangzhou.aliyuncs.com/prod/metahcloud/digitalhuman/photograph/caitong-blue-long.png",
						"clothes": [],
						"anim": []
					}
				]
			},
			"resolution_x": 1920,
			"resolution_y": 1080
		},
		"ChangeCharacter":
		{
			"ScreenSize": "X=260.960 Y=857.207",
			"Name": "xiaolan"
		}
	},
	"clientId": "c628c7d1f2922f2674746ff8d0f3d3a6"
}
[2024-08-23 16:11:01.000] [info] Received packet from ClientID: c628c7d1f2922f2674746ff8d0f3d3a6, size: 292, data: {
	"callbackId": 5,
	"code": 101,
	"status": "Streaming started successfully.",
	"success": true,
	"data":
	{
		"logMessages": [
			{
				"MessageType": "Info",
				"Message": "RTMP publisher started successfully."
			}
		]
	},
	"clientId": "c628c7d1f2922f2674746ff8d0f3d3a6"
}
[2024-08-23 16:11:01.001] [info] Received packet from ClientID: c628c7d1f2922f2674746ff8d0f3d3a6, size: 291, data: {
	"callbackId": 5,
	"code": 101,
	"status": "Streaming exception.",
	"success": false,
	"data":
	{
		"logMessages": [
			{
				"MessageType": "Error",
				"Message": "Could not find useful packet. ErrorCode:-11."
			}
		]
	},
	"clientId": "c628c7d1f2922f2674746ff8d0f3d3a6"
}
[2024-08-23 16:11:01.213] [info] Received packet from ClientID: c628c7d1f2922f2674746ff8d0f3d3a6, size: 257, data: {
	"callbackId": 6,
	"code": 302,
	"status": "Character position Changed.",
	"success": true,
	"data":
	{
		"Message": "Character position Changed.",
		"Character position now": "X=900 Y=1500"
	},
	"clientId": "c628c7d1f2922f2674746ff8d0f3d3a6"
}
[2024-08-23 16:11:29.602] [info] Received packet from ClientID: c628c7d1f2922f2674746ff8d0f3d3a6, size: 14, data: heartbeat ping
[2024-08-23 16:11:59.666] [info] Received packet from ClientID: c628c7d1f2922f2674746ff8d0f3d3a6, size: 14, data: heartbeat ping
[2024-08-23 16:12:29.556] [info] Received packet from ClientID: c628c7d1f2922f2674746ff8d0f3d3a6, size: 14, data: heartbeat ping
[2024-08-23 16:12:59.652] [info] Received packet from ClientID: c628c7d1f2922f2674746ff8d0f3d3a6, size: 14, data: heartbeat ping
[2024-08-23 16:13:29.638] [info] Received packet from ClientID: c628c7d1f2922f2674746ff8d0f3d3a6, size: 14, data: heartbeat ping
[2024-08-23 16:13:45.767] [info] Stopping UE with GUID: c628c7d1f2922f2674746ff8d0f3d3a6
[2024-08-23 16:13:45.767] [info] UE process with GUID: c628c7d1f2922f2674746ff8d0f3d3a6 terminated successfully.
[2024-08-23 16:13:45.968] [info] OnSocketClose.
[2024-08-23 16:13:45.968] [info] c628c7d1f2922f2674746ff8d0f3d3a6 RemoveConnection.
[2024-08-24 10:57:09.304] [info] MSDK instance destroyed.
[2024-08-24 10:57:09.305] [info] Stopping all UE processes.
